c:\users\c.ripardminisini\desktop\gp\animation\students\onedrive_1_13-12-2023\projet\fichiers\animationprogramming\animationprogramming\animationprogramming\release\vc142.pdb
c:\users\c.ripardminisini\desktop\gp\animation\students\onedrive_1_13-12-2023\projet\fichiers\animationprogramming\animationprogramming\animationprogramming\release\stdafx.obj
c:\users\c.ripardminisini\desktop\gp\animation\students\onedrive_1_13-12-2023\projet\fichiers\animationprogramming\animationprogramming\animationprogramming\release\animationprogramming.obj
d:\telechargements\animationprogramming\animationprogramming\animationprogramming\animationprogramming\release\vc143.pdb
d:\telechargements\animationprogramming\animationprogramming\animationprogramming\animationprogramming\release\stdafx.obj
d:\telechargements\animationprogramming\animationprogramming\animationprogramming\animationprogramming\release\animationprogramming.obj
c:\users\c.ripardminisini\desktop\gp\animation\students\onedrive_1_13-12-2023\projet\fichiers\animationprogramming\animationprogramming\release\animationprogramming.exe
c:\users\c.ripardminisini\desktop\gp\animation\students\onedrive_1_13-12-2023\projet\fichiers\animationprogramming\animationprogramming\animationprogramming\release\animationprogramming.ipdb
c:\users\c.ripardminisini\desktop\gp\animation\students\onedrive_1_13-12-2023\projet\fichiers\animationprogramming\animationprogramming\animationprogramming\release\animationprogramming.iobj
c:\users\c.ripardminisini\desktop\gp\animation\students\onedrive_1_13-12-2023\projet\fichiers\animationprogramming\animationprogramming\release\animationprogramming.pdb
d:\telechargements\animationprogramming\animationprogramming\animationprogramming\release\animationprogramming.exe
d:\telechargements\animationprogramming\animationprogramming\animationprogramming\release\animationprogramming.pdb
d:\telechargements\animationprogramming\animationprogramming\animationprogramming\animationprogramming\release\animationprogramming.ipdb
d:\telechargements\animationprogramming\animationprogramming\animationprogramming\animationprogramming\release\animationprogramming.iobj
d:\telechargements\animationprogramming\animationprogramming\animationprogramming\animationprogramming\release\vc142.pdb
d:\telechargements\animationprogramming\animationprogramming\animationprogramming\animationprogramming\release\animatio.551567fe.tlog\cl.command.1.tlog
d:\telechargements\animationprogramming\animationprogramming\animationprogramming\animationprogramming\release\animatio.551567fe.tlog\cl.items.tlog
d:\telechargements\animationprogramming\animationprogramming\animationprogramming\animationprogramming\release\animatio.551567fe.tlog\cl.read.1.tlog
d:\telechargements\animationprogramming\animationprogramming\animationprogramming\animationprogramming\release\animatio.551567fe.tlog\cl.write.1.tlog
d:\telechargements\animationprogramming\animationprogramming\animationprogramming\animationprogramming\release\animatio.551567fe.tlog\link.command.1.tlog
d:\telechargements\animationprogramming\animationprogramming\animationprogramming\animationprogramming\release\animatio.551567fe.tlog\link.read.1.tlog
d:\telechargements\animationprogramming\animationprogramming\animationprogramming\animationprogramming\release\animatio.551567fe.tlog\link.secondary.1.tlog
d:\telechargements\animationprogramming\animationprogramming\animationprogramming\animationprogramming\release\animatio.551567fe.tlog\link.write.1.tlog
